2025-02-26 19:40:35,177 [Worker-6: Loading available Gradle versions] INFO  o.e.b.c.i.u.g.PublishedGradleVersions - Gradle version information cache is up-to-date. Trying to read.
2025-03-24 16:45:24,348 [Worker-5: Loading available Gradle versions] INFO  o.e.b.c.i.u.g.PublishedGradleVersions - Gradle version information cache is out-of-date. Trying to update.
2025-03-24 16:55:55,709 [ModalContext] INFO  o.b.c.a.StaticComponentContainer - (StaticComponentContainer.java:368) - Instantiated org.burningwave.core.SLF4JManagedLoggerRepository
2025-03-24 16:55:55,713 [ModalContext] INFO  o.b.c.a.StaticComponentContainer - (StaticComponentContainer.java:369) - 

	Configuration values for static components:

		background-executor.all-tasks-monitoring.enabled=\
			true
		background-executor.all-tasks-monitoring.interval=\
			30000
		background-executor.all-tasks-monitoring.logger.enabled=\
			false
		background-executor.all-tasks-monitoring.minimum-elapsed-time-to-consider-a-task-as-probable-dead-locked=\
			300000
		background-executor.all-tasks-monitoring.probable-dead-locked-tasks-handling.policy=\
			log only
		background-executor.queued-task-executor[0].name=\
			Low priority tasks
		background-executor.queued-task-executor[0].priority=\
			1
		background-executor.queued-task-executor[1].name=\
			Normal priority tasks
		background-executor.queued-task-executor[1].priority=\
			5
		background-executor.queued-task-executor[2].name=\
			High priority tasks
		background-executor.queued-task-executor[2].priority=\
			10
		background-executor.task-creation-tracking.enabled=\
			${background-executor.all-tasks-monitoring.enabled}
		banner.additonal-informations=\
			${Implementation-Title} ${Implementation-Version}
		banner.additonal-informations.retrieve-from-manifest-file-with-implementation-title=\
			Burningwave Core
		banner.file=\
			org/burningwave/banner.bwb
		banner.hide=\
			true
		buffer-handler.default-allocation-mode=\
			ByteBuffer::allocateDirect
		buffer-handler.default-buffer-size=\
			1024
		group-name-for-named-elements=\
			Burningwave
		iterable-object-helper.default-values-separator=\
			;
		iterable-object-helper.parallel-iteration.applicability.default-minimum-collection-size=\
			2
		iterable-object-helper.parallel-iteration.applicability.max-runtime-thread-count-threshold=\
			autodetect
		iterable-object-helper.parallel-iteration.applicability.output-collection-enabled-types=\
			java.util.concurrent.ConcurrentHashMap$CollectionView;\
			java.util.Collections$SynchronizedCollection;\
			java.util.concurrent.CopyOnWriteArrayList;\
			java.util.concurrent.CopyOnWriteArraySet;\
			java.util.concurrent.BlockingQueue;\
			java.util.concurrent.ConcurrentSkipListSet;\
			java.util.concurrent.ConcurrentSkipListMap$EntrySet;\
			java.util.concurrent.ConcurrentSkipListMap$KeySet;\
			java.util.concurrent.ConcurrentSkipListMap$Values;
		jvm.driver.init=\
			false
		managed-logger.repository=\
			autodetect
		managed-logger.repository.enabled=\
			true
		managed-logger.repository.logging.warn.disabled-for=\
			org.burningwave.core.assembler.ComponentContainer$ClassLoader;\
			org.burningwave.core.classes.MemoryClassLoader;\
			org.burningwave.core.classes.PathScannerClassLoader;
		modules.export-all-to-all=\
			true
		resource-releaser.enabled=\
			true
		synchronizer.all-threads-monitoring.enabled=\
			false
		synchronizer.all-threads-monitoring.interval=\
			90000
		thread-supplier.default-daemon-flag-value=\
			true
		thread-supplier.default-thread-priority=\
			5
		thread-supplier.max-detached-thread-count=\
			${thread-supplier.max-poolable-thread-count}
		thread-supplier.max-detached-thread-count.elapsed-time-threshold-from-last-increase-for-gradual-decreasing-to-initial-value=\
			30000
		thread-supplier.max-detached-thread-count.increasing-step=\
			autodetect
		thread-supplier.max-poolable-thread-count=\
			autodetect
		thread-supplier.poolable-thread-request-timeout=\
			6000


2025-03-24 16:55:55,731 [ModalContext] INFO  o.b.core.jvm.BufferHandler - (BufferHandler.java:127) - default buffer size: 1024 bytes
2025-03-24 16:55:55,734 [ModalContext] INFO  o.b.core.jvm.BufferHandler - (BufferHandler.java:141) - default allocation mode: ByteBuffer::allocateDirect
2025-03-24 16:55:55,743 [ModalContext] INFO  org.burningwave.core.Cache - (Cache.java:76) - Building cache
2025-03-24 16:55:55,784 [ModalContext] INFO  o.b.c.a.StaticComponentContainer - (StaticComponentContainer.java:443) - org.burningwave.core.assembler.StaticComponentContainer initialized in 0.1998238 seconds
2025-03-24 17:06:20,896 [Burningwave - Resource releaser] INFO  o.b.c.a.StaticComponentContainer - (StaticComponentContainer.java:391) - ... Waiting for all tasks ending
2025-03-24 17:06:20,899 [Burningwave - Resource releaser] INFO  o.b.c.a.StaticComponentContainer - (StaticComponentContainer.java:397) - Closing all component containers
2025-03-24 17:06:20,900 [Burningwave - Resource releaser] INFO  o.b.c.a.StaticComponentContainer - (StaticComponentContainer.java:403) - Closing FileSystemHelper
2025-03-24 17:06:20,901 [Burningwave - Resource releaser] INFO  o.b.c.a.StaticComponentContainer - (StaticComponentContainer.java:409) - ... Waiting for all tasks ending before shutting down the BackgroundExecutor
2025-03-24 17:06:20,901 [Burningwave - Resource releaser] INFO  o.b.c.a.StaticComponentContainer - (StaticComponentContainer.java:414) - Shutting down BackgroundExecutor
2025-03-24 17:06:20,902 [Burningwave - Resource releaser] INFO  o.b.c.a.StaticComponentContainer - (StaticComponentContainer.java:420) - Stopping all threads monitoring thread
2025-03-24 17:06:20,902 [Burningwave - Resource releaser] INFO  o.b.c.a.StaticComponentContainer - (StaticComponentContainer.java:425) - Closing ThreadHolder
2025-03-24 17:06:20,903 [Burningwave - Resource releaser] INFO  o.b.c.a.StaticComponentContainer - (StaticComponentContainer.java:430) - Shutting down ThreadSupplier
2025-03-24 17:06:33,220 [Worker-4: Loading available Gradle versions] INFO  o.e.b.c.i.u.g.PublishedGradleVersions - Gradle version information cache is up-to-date. Trying to read.
2025-03-24 17:08:51,213 [ModalContext] INFO  o.b.c.a.StaticComponentContainer - (StaticComponentContainer.java:368) - Instantiated org.burningwave.core.SLF4JManagedLoggerRepository
2025-03-24 17:08:51,218 [ModalContext] INFO  o.b.c.a.StaticComponentContainer - (StaticComponentContainer.java:369) - 

	Configuration values for static components:

		background-executor.all-tasks-monitoring.enabled=\
			true
		background-executor.all-tasks-monitoring.interval=\
			30000
		background-executor.all-tasks-monitoring.logger.enabled=\
			false
		background-executor.all-tasks-monitoring.minimum-elapsed-time-to-consider-a-task-as-probable-dead-locked=\
			300000
		background-executor.all-tasks-monitoring.probable-dead-locked-tasks-handling.policy=\
			log only
		background-executor.queued-task-executor[0].name=\
			Low priority tasks
		background-executor.queued-task-executor[0].priority=\
			1
		background-executor.queued-task-executor[1].name=\
			Normal priority tasks
		background-executor.queued-task-executor[1].priority=\
			5
		background-executor.queued-task-executor[2].name=\
			High priority tasks
		background-executor.queued-task-executor[2].priority=\
			10
		background-executor.task-creation-tracking.enabled=\
			${background-executor.all-tasks-monitoring.enabled}
		banner.additonal-informations=\
			${Implementation-Title} ${Implementation-Version}
		banner.additonal-informations.retrieve-from-manifest-file-with-implementation-title=\
			Burningwave Core
		banner.file=\
			org/burningwave/banner.bwb
		banner.hide=\
			true
		buffer-handler.default-allocation-mode=\
			ByteBuffer::allocateDirect
		buffer-handler.default-buffer-size=\
			1024
		group-name-for-named-elements=\
			Burningwave
		iterable-object-helper.default-values-separator=\
			;
		iterable-object-helper.parallel-iteration.applicability.default-minimum-collection-size=\
			2
		iterable-object-helper.parallel-iteration.applicability.max-runtime-thread-count-threshold=\
			autodetect
		iterable-object-helper.parallel-iteration.applicability.output-collection-enabled-types=\
			java.util.concurrent.ConcurrentHashMap$CollectionView;\
			java.util.Collections$SynchronizedCollection;\
			java.util.concurrent.CopyOnWriteArrayList;\
			java.util.concurrent.CopyOnWriteArraySet;\
			java.util.concurrent.BlockingQueue;\
			java.util.concurrent.ConcurrentSkipListSet;\
			java.util.concurrent.ConcurrentSkipListMap$EntrySet;\
			java.util.concurrent.ConcurrentSkipListMap$KeySet;\
			java.util.concurrent.ConcurrentSkipListMap$Values;
		jvm.driver.init=\
			false
		managed-logger.repository=\
			autodetect
		managed-logger.repository.enabled=\
			true
		managed-logger.repository.logging.warn.disabled-for=\
			org.burningwave.core.assembler.ComponentContainer$ClassLoader;\
			org.burningwave.core.classes.MemoryClassLoader;\
			org.burningwave.core.classes.PathScannerClassLoader;
		modules.export-all-to-all=\
			true
		resource-releaser.enabled=\
			true
		synchronizer.all-threads-monitoring.enabled=\
			false
		synchronizer.all-threads-monitoring.interval=\
			90000
		thread-supplier.default-daemon-flag-value=\
			true
		thread-supplier.default-thread-priority=\
			5
		thread-supplier.max-detached-thread-count=\
			${thread-supplier.max-poolable-thread-count}
		thread-supplier.max-detached-thread-count.elapsed-time-threshold-from-last-increase-for-gradual-decreasing-to-initial-value=\
			30000
		thread-supplier.max-detached-thread-count.increasing-step=\
			autodetect
		thread-supplier.max-poolable-thread-count=\
			autodetect
		thread-supplier.poolable-thread-request-timeout=\
			6000


2025-03-24 17:08:51,221 [ModalContext] INFO  o.b.core.jvm.BufferHandler - (BufferHandler.java:127) - default buffer size: 1024 bytes
2025-03-24 17:08:51,222 [ModalContext] INFO  o.b.core.jvm.BufferHandler - (BufferHandler.java:141) - default allocation mode: ByteBuffer::allocateDirect
2025-03-24 17:08:51,227 [ModalContext] INFO  org.burningwave.core.Cache - (Cache.java:76) - Building cache
2025-03-24 17:08:51,262 [ModalContext] INFO  o.b.c.a.StaticComponentContainer - (StaticComponentContainer.java:443) - org.burningwave.core.assembler.StaticComponentContainer initialized in 0.1346264 seconds
2025-03-24 17:14:09,860 [Worker-32: Enabling Maven Dependency Management] INFO  o.e.m.c.i.l.LifecycleMappingFactory - Using org.eclipse.m2e.jdt.JarLifecycleMapping lifecycle mapping for MavenProject: SpringBootPI:SpringBootPI:0.0.1-SNAPSHOT @ C:\Users\Izan Navarro\Desktop\PROYECTOS DE GITHUB\TFC\SpringbootPI\SpringBootPI\pom.xml.
2025-03-24 17:14:10,790 [Worker-32: Enabling Maven Dependency Management] INFO  o.e.m.j.i.AbstractJavaProjectConfigurator - Adding source folder /SpringBootPI/src
2025-03-24 17:14:10,791 [Worker-32: Enabling Maven Dependency Management] INFO  o.e.m.j.i.AbstractJavaProjectConfigurator - Resources folder /SpringBootPI/src/main/resources overlaps with sources folder /SpringBootPI/src
2025-03-24 17:14:10,793 [Worker-32: Enabling Maven Dependency Management] INFO  o.e.m.j.i.AbstractJavaProjectConfigurator - Not adding source folder /SpringBootPI/src/test/java because it overlaps with /SpringBootPI/src
2025-03-24 17:14:10,794 [Worker-32: Enabling Maven Dependency Management] INFO  o.e.m.j.i.AbstractJavaProjectConfigurator - Resources folder /SpringBootPI/src/test/resources overlaps with sources folder /SpringBootPI/src
2025-03-24 17:14:10,936 [Worker-32: Enabling Maven Dependency Management] INFO  o.e.m.c.i.p.ProjectConfigurationManager - Update started
2025-03-24 17:14:11,449 [Worker-32: Enabling Maven Dependency Management] INFO  o.e.m.c.i.l.LifecycleMappingFactory - Using org.eclipse.m2e.jdt.JarLifecycleMapping lifecycle mapping for MavenProject: SpringBootPI:SpringBootPI:0.0.1-SNAPSHOT @ C:\Users\Izan Navarro\Desktop\PROYECTOS DE GITHUB\TFC\SpringbootPI\SpringBootPI\pom.xml.
2025-03-24 17:14:11,654 [Worker-32: Enabling Maven Dependency Management] INFO  o.e.m.j.i.AbstractJavaProjectConfigurator - Adding source folder /SpringBootPI/src
2025-03-24 17:14:11,656 [Worker-32: Enabling Maven Dependency Management] INFO  o.e.m.j.i.AbstractJavaProjectConfigurator - Resources folder /SpringBootPI/src/main/resources overlaps with sources folder /SpringBootPI/src
2025-03-24 17:14:11,657 [Worker-32: Enabling Maven Dependency Management] INFO  o.e.m.j.i.AbstractJavaProjectConfigurator - Not adding source folder /SpringBootPI/src/test/java because it overlaps with /SpringBootPI/src
2025-03-24 17:14:11,658 [Worker-32: Enabling Maven Dependency Management] INFO  o.e.m.j.i.AbstractJavaProjectConfigurator - Resources folder /SpringBootPI/src/test/resources overlaps with sources folder /SpringBootPI/src
2025-03-24 17:14:11,714 [Worker-32: Enabling Maven Dependency Management] INFO  o.e.m.c.i.p.ProjectConfigurationManager - Update completed for 1 poms: local refresh takes 0,00 sec, refresh facades takes 0,00 sec, update config takes 0,00 sec 
2025-03-24 17:14:11,903 [Worker-33: Building] WARN  o.a.m.s.f.DefaultMavenResourcesFiltering - Using platform encoding (UTF-8 actually) to copy filtered resources, i.e. build is platform dependent!
2025-03-24 17:14:11,904 [Worker-33: Building] INFO  o.a.m.s.f.DefaultMavenResourcesFiltering - skip non existing resourceDirectory C:\Users\Izan Navarro\Desktop\PROYECTOS DE GITHUB\TFC\SpringbootPI\SpringBootPI\src\main\resources
2025-03-24 17:14:11,909 [Worker-33: Building] WARN  o.a.m.s.f.DefaultMavenResourcesFiltering - Using platform encoding (UTF-8 actually) to copy filtered resources, i.e. build is platform dependent!
2025-03-24 17:14:11,909 [Worker-33: Building] INFO  o.a.m.s.f.DefaultMavenResourcesFiltering - skip non existing resourceDirectory C:\Users\Izan Navarro\Desktop\PROYECTOS DE GITHUB\TFC\SpringbootPI\SpringBootPI\src\test\resources
2025-03-24 17:23:15,699 [Worker-23: Building] INFO  o.e.m.c.i.l.LifecycleMappingFactory - Using org.eclipse.m2e.jdt.JarLifecycleMapping lifecycle mapping for MavenProject: SpringBootPI:SpringBootPI:0.0.1-SNAPSHOT @ C:\Users\Izan Navarro\Desktop\PROYECTOS DE GITHUB\TFC\SpringbootPI\SpringBootPI\pom.xml.
2025-03-24 17:23:15,860 [Worker-23: Building] INFO  o.a.m.s.f.DefaultMavenResourcesFiltering - skip non existing resourceDirectory C:\Users\Izan Navarro\Desktop\PROYECTOS DE GITHUB\TFC\SpringbootPI\SpringBootPI\src\main\resources
2025-03-24 17:23:15,860 [Worker-23: Building] INFO  o.a.m.s.f.DefaultMavenResourcesFiltering - skip non existing resourceDirectory C:\Users\Izan Navarro\Desktop\PROYECTOS DE GITHUB\TFC\SpringbootPI\SpringBootPI\src\main\resources
2025-03-24 17:23:15,864 [Worker-23: Building] INFO  o.a.m.s.f.DefaultMavenResourcesFiltering - skip non existing resourceDirectory C:\Users\Izan Navarro\Desktop\PROYECTOS DE GITHUB\TFC\SpringbootPI\SpringBootPI\src\test\resources
2025-03-24 17:23:16,135 [Worker-13: Updating Maven Project] INFO  o.e.m.c.i.p.ProjectConfigurationManager - Update started
2025-03-24 17:23:16,942 [Worker-13: Updating Maven Project] INFO  o.e.m.c.i.l.LifecycleMappingFactory - Using org.eclipse.m2e.jdt.JarLifecycleMapping lifecycle mapping for MavenProject: SpringBootPI:SpringBootPI:0.0.1-SNAPSHOT @ C:\Users\Izan Navarro\Desktop\PROYECTOS DE GITHUB\TFC\SpringbootPI\SpringBootPI\pom.xml.
2025-03-24 17:23:17,054 [Worker-13: Updating Maven Project] INFO  o.e.m.j.i.AbstractJavaProjectConfigurator - Adding source folder /SpringBootPI/src
2025-03-24 17:23:17,055 [Worker-13: Updating Maven Project] INFO  o.e.m.j.i.AbstractJavaProjectConfigurator - Resources folder /SpringBootPI/src/main/resources overlaps with sources folder /SpringBootPI/src
2025-03-24 17:23:17,056 [Worker-13: Updating Maven Project] INFO  o.e.m.j.i.AbstractJavaProjectConfigurator - Resources folder /SpringBootPI/src/main/resources overlaps with sources folder /SpringBootPI/src
2025-03-24 17:23:17,057 [Worker-13: Updating Maven Project] INFO  o.e.m.j.i.AbstractJavaProjectConfigurator - Not adding source folder /SpringBootPI/src/test/java because it overlaps with /SpringBootPI/src
2025-03-24 17:23:17,058 [Worker-13: Updating Maven Project] INFO  o.e.m.j.i.AbstractJavaProjectConfigurator - Resources folder /SpringBootPI/src/test/resources overlaps with sources folder /SpringBootPI/src
2025-03-24 17:23:17,131 [Worker-13: Updating Maven Project] INFO  o.e.m.c.i.p.ProjectConfigurationManager - Update completed for 1 poms: local refresh takes 0,00 sec, refresh facades takes 0,00 sec, update config takes 0,00 sec 
2025-03-24 17:23:17,270 [Worker-13: Building] INFO  o.a.m.s.f.DefaultMavenResourcesFiltering - skip non existing resourceDirectory C:\Users\Izan Navarro\Desktop\PROYECTOS DE GITHUB\TFC\SpringbootPI\SpringBootPI\src\main\resources
2025-03-24 17:23:17,271 [Worker-13: Building] INFO  o.a.m.s.f.DefaultMavenResourcesFiltering - skip non existing resourceDirectory C:\Users\Izan Navarro\Desktop\PROYECTOS DE GITHUB\TFC\SpringbootPI\SpringBootPI\src\main\resources
2025-03-24 17:23:17,274 [Worker-13: Building] INFO  o.a.m.s.f.DefaultMavenResourcesFiltering - skip non existing resourceDirectory C:\Users\Izan Navarro\Desktop\PROYECTOS DE GITHUB\TFC\SpringbootPI\SpringBootPI\src\test\resources
2025-03-24 17:23:22,114 [Worker-37: Building] INFO  o.e.m.c.i.l.LifecycleMappingFactory - Using org.eclipse.m2e.jdt.JarLifecycleMapping lifecycle mapping for MavenProject: SpringBootPI:SpringBootPI:0.0.1-SNAPSHOT @ C:\Users\Izan Navarro\Desktop\PROYECTOS DE GITHUB\TFC\SpringbootPI\SpringBootPI\pom.xml.
2025-03-24 17:23:22,202 [Worker-37: Building] INFO  o.a.m.s.f.DefaultMavenResourcesFiltering - skip non existing resourceDirectory C:\Users\Izan Navarro\Desktop\PROYECTOS DE GITHUB\TFC\SpringbootPI\SpringBootPI\src\main\resources
2025-03-24 17:23:22,202 [Worker-37: Building] INFO  o.a.m.s.f.DefaultMavenResourcesFiltering - skip non existing resourceDirectory C:\Users\Izan Navarro\Desktop\PROYECTOS DE GITHUB\TFC\SpringbootPI\SpringBootPI\src\main\resources
2025-03-24 17:23:22,205 [Worker-37: Building] INFO  o.a.m.s.f.DefaultMavenResourcesFiltering - skip non existing resourceDirectory C:\Users\Izan Navarro\Desktop\PROYECTOS DE GITHUB\TFC\SpringbootPI\SpringBootPI\src\test\resources
2025-03-24 17:24:14,431 [Worker-37: Building] INFO  o.e.m.c.i.e.AbstractTransferListenerAdapter - Downloading https://repo.maven.apache.org/maven2/org/springframework/boot/spring-boot-maven-plugin/3.1.1/spring-boot-maven-plugin-3.1.1.pom
2025-03-24 17:24:14,446 [Worker-37: Building] INFO  o.e.m.c.i.e.AbstractTransferListenerAdapter - Downloaded https://repo.maven.apache.org/maven2/org/springframework/boot/spring-boot-maven-plugin/3.1.1/spring-boot-maven-plugin-3.1.1.pom
2025-03-24 17:24:14,471 [Worker-37: Building] INFO  o.e.m.c.i.e.AbstractTransferListenerAdapter - Downloading https://repo.maven.apache.org/maven2/org/springframework/boot/spring-boot-maven-plugin/3.1.1/spring-boot-maven-plugin-3.1.1.jar
2025-03-24 17:24:14,511 [Worker-37: Building] INFO  o.e.m.c.i.e.AbstractTransferListenerAdapter - Downloaded https://repo.maven.apache.org/maven2/org/springframework/boot/spring-boot-maven-plugin/3.1.1/spring-boot-maven-plugin-3.1.1.jar
2025-03-24 17:24:14,689 [Worker-37: Building] INFO  o.e.m.c.i.l.LifecycleMappingFactory - Using org.eclipse.m2e.jdt.JarLifecycleMapping lifecycle mapping for MavenProject: SpringBootPI:SpringBootPI:0.0.1-SNAPSHOT @ C:\Users\Izan Navarro\Desktop\PROYECTOS DE GITHUB\TFC\SpringbootPI\SpringBootPI\pom.xml.
2025-03-24 17:24:14,871 [Worker-37: Building] INFO  o.e.m.c.i.e.AbstractTransferListenerAdapter - Downloading https://repo.maven.apache.org/maven2/commons-codec/commons-codec/1.16.0/commons-codec-1.16.0.pom
2025-03-24 17:24:14,877 [Worker-37: Building] INFO  o.e.m.c.i.e.AbstractTransferListenerAdapter - Downloaded https://repo.maven.apache.org/maven2/commons-codec/commons-codec/1.16.0/commons-codec-1.16.0.pom
2025-03-24 17:24:14,900 [Worker-37: Building] INFO  o.e.m.c.i.e.AbstractTransferListenerAdapter - Downloading https://repo.maven.apache.org/maven2/org/apache/commons/commons-parent/58/commons-parent-58.pom
2025-03-24 17:24:14,911 [Worker-37: Building] INFO  o.e.m.c.i.e.AbstractTransferListenerAdapter - Downloaded https://repo.maven.apache.org/maven2/org/apache/commons/commons-parent/58/commons-parent-58.pom
2025-03-24 17:24:14,996 [Worker-37: Building] INFO  o.e.m.c.i.e.AbstractTransferListenerAdapter - Downloading https://repo.maven.apache.org/maven2/commons-codec/commons-codec/1.16.0/commons-codec-1.16.0.jar
2025-03-24 17:24:15,047 [Worker-37: Building] INFO  o.e.m.c.i.e.AbstractTransferListenerAdapter - Downloaded https://repo.maven.apache.org/maven2/commons-codec/commons-codec/1.16.0/commons-codec-1.16.0.jar
2025-03-24 17:24:15,300 [Worker-37: Building] INFO  o.a.m.s.f.DefaultMavenResourcesFiltering - skip non existing resourceDirectory C:\Users\Izan Navarro\Desktop\PROYECTOS DE GITHUB\TFC\SpringbootPI\SpringBootPI\src\main\resources
2025-03-24 17:24:15,300 [Worker-37: Building] INFO  o.a.m.s.f.DefaultMavenResourcesFiltering - skip non existing resourceDirectory C:\Users\Izan Navarro\Desktop\PROYECTOS DE GITHUB\TFC\SpringbootPI\SpringBootPI\src\main\resources
2025-03-24 17:24:15,305 [Worker-37: Building] INFO  o.a.m.s.f.DefaultMavenResourcesFiltering - skip non existing resourceDirectory C:\Users\Izan Navarro\Desktop\PROYECTOS DE GITHUB\TFC\SpringbootPI\SpringBootPI\src\test\resources
2025-03-24 17:24:15,603 [Worker-2: Updating Maven Project] INFO  o.e.m.c.i.p.ProjectConfigurationManager - Update started
2025-03-24 17:24:16,058 [Worker-2: Updating Maven Project] INFO  o.e.m.c.i.l.LifecycleMappingFactory - Using org.eclipse.m2e.jdt.JarLifecycleMapping lifecycle mapping for MavenProject: SpringBootPI:SpringBootPI:0.0.1-SNAPSHOT @ C:\Users\Izan Navarro\Desktop\PROYECTOS DE GITHUB\TFC\SpringbootPI\SpringBootPI\pom.xml.
2025-03-24 17:24:16,280 [Worker-33: Download sources and javadoc] INFO  o.e.m.c.i.e.AbstractTransferListenerAdapter - Downloading https://repo.maven.apache.org/maven2/commons-codec/commons-codec/1.16.0/commons-codec-1.16.0-sources.jar
2025-03-24 17:24:16,384 [Worker-33: Download sources and javadoc] INFO  o.e.m.c.i.e.AbstractTransferListenerAdapter - Downloaded https://repo.maven.apache.org/maven2/commons-codec/commons-codec/1.16.0/commons-codec-1.16.0-sources.jar
2025-03-24 17:24:16,388 [Worker-33: Download sources and javadoc] INFO  o.e.m.j.internal.DownloadSourcesJob - Downloaded sources for commons-codec:commons-codec:1.16.0
2025-03-24 17:24:16,674 [Worker-2: Updating Maven Project] INFO  o.e.m.j.i.AbstractJavaProjectConfigurator - Not adding source folder /SpringBootPI/src/main/java because it overlaps with /SpringBootPI/src
2025-03-24 17:24:16,676 [Worker-2: Updating Maven Project] INFO  o.e.m.j.i.AbstractJavaProjectConfigurator - Adding resource folder /SpringBootPI/src/main/resources
2025-03-24 17:24:16,677 [Worker-2: Updating Maven Project] INFO  o.e.m.j.i.AbstractJavaProjectConfigurator - Adding resource folder /SpringBootPI/src/main/resources
2025-03-24 17:24:16,679 [Worker-2: Updating Maven Project] INFO  o.e.m.j.i.AbstractJavaProjectConfigurator - Not adding source folder /SpringBootPI/src/test/java because it overlaps with /SpringBootPI/src
2025-03-24 17:24:16,680 [Worker-2: Updating Maven Project] INFO  o.e.m.j.i.AbstractJavaProjectConfigurator - Adding resource folder /SpringBootPI/src/test/resources
2025-03-24 17:24:17,175 [Worker-2: Updating Maven Project] INFO  o.e.m.c.i.p.ProjectConfigurationManager - Update completed for 1 poms: local refresh takes 0,00 sec, refresh facades takes 0,00 sec, update config takes 0,00 sec 
2025-03-24 17:24:17,391 [Worker-37: Building] INFO  o.a.m.s.f.DefaultMavenResourcesFiltering - skip non existing resourceDirectory C:\Users\Izan Navarro\Desktop\PROYECTOS DE GITHUB\TFC\SpringbootPI\SpringBootPI\src\main\resources
2025-03-24 17:24:17,391 [Worker-37: Building] INFO  o.a.m.s.f.DefaultMavenResourcesFiltering - skip non existing resourceDirectory C:\Users\Izan Navarro\Desktop\PROYECTOS DE GITHUB\TFC\SpringbootPI\SpringBootPI\src\main\resources
2025-03-24 17:24:17,395 [Worker-37: Building] INFO  o.a.m.s.f.DefaultMavenResourcesFiltering - skip non existing resourceDirectory C:\Users\Izan Navarro\Desktop\PROYECTOS DE GITHUB\TFC\SpringbootPI\SpringBootPI\src\test\resources
2025-03-24 17:26:22,075 [Worker-13: Building] INFO  o.a.m.s.f.DefaultMavenResourcesFiltering - skip non existing resourceDirectory C:\Users\Izan Navarro\Desktop\PROYECTOS DE GITHUB\TFC\SpringbootPI\SpringBootPI\src\main\resources
2025-03-24 17:26:22,075 [Worker-13: Building] INFO  o.a.m.s.f.DefaultMavenResourcesFiltering - skip non existing resourceDirectory C:\Users\Izan Navarro\Desktop\PROYECTOS DE GITHUB\TFC\SpringbootPI\SpringBootPI\src\main\resources
2025-03-24 17:26:22,078 [Worker-13: Building] INFO  o.a.m.s.f.DefaultMavenResourcesFiltering - skip non existing resourceDirectory C:\Users\Izan Navarro\Desktop\PROYECTOS DE GITHUB\TFC\SpringbootPI\SpringBootPI\src\test\resources
2025-03-24 17:26:38,840 [Worker-35: Building] INFO  o.a.m.s.f.DefaultMavenResourcesFiltering - skip non existing resourceDirectory C:\Users\Izan Navarro\Desktop\PROYECTOS DE GITHUB\TFC\SpringbootPI\SpringBootPI\src\main\resources
2025-03-24 17:26:38,840 [Worker-35: Building] INFO  o.a.m.s.f.DefaultMavenResourcesFiltering - skip non existing resourceDirectory C:\Users\Izan Navarro\Desktop\PROYECTOS DE GITHUB\TFC\SpringbootPI\SpringBootPI\src\main\resources
2025-03-24 17:26:38,843 [Worker-35: Building] INFO  o.a.m.s.f.DefaultMavenResourcesFiltering - skip non existing resourceDirectory C:\Users\Izan Navarro\Desktop\PROYECTOS DE GITHUB\TFC\SpringbootPI\SpringBootPI\src\test\resources
2025-03-24 17:26:41,107 [Worker-36: Building] INFO  o.a.m.s.f.DefaultMavenResourcesFiltering - skip non existing resourceDirectory C:\Users\Izan Navarro\Desktop\PROYECTOS DE GITHUB\TFC\SpringbootPI\SpringBootPI\src\main\resources
2025-03-24 17:26:41,109 [Worker-36: Building] INFO  o.a.m.s.f.DefaultMavenResourcesFiltering - skip non existing resourceDirectory C:\Users\Izan Navarro\Desktop\PROYECTOS DE GITHUB\TFC\SpringbootPI\SpringBootPI\src\main\resources
2025-03-24 17:26:41,112 [Worker-36: Building] INFO  o.a.m.s.f.DefaultMavenResourcesFiltering - skip non existing resourceDirectory C:\Users\Izan Navarro\Desktop\PROYECTOS DE GITHUB\TFC\SpringbootPI\SpringBootPI\src\test\resources
2025-03-24 17:27:17,280 [Worker-23: Building] INFO  o.a.m.s.f.DefaultMavenResourcesFiltering - skip non existing resourceDirectory C:\Users\Izan Navarro\Desktop\PROYECTOS DE GITHUB\TFC\SpringbootPI\SpringBootPI\src\main\resources
2025-03-24 17:27:17,281 [Worker-23: Building] INFO  o.a.m.s.f.DefaultMavenResourcesFiltering - skip non existing resourceDirectory C:\Users\Izan Navarro\Desktop\PROYECTOS DE GITHUB\TFC\SpringbootPI\SpringBootPI\src\main\resources
2025-03-24 17:27:17,283 [Worker-23: Building] INFO  o.a.m.s.f.DefaultMavenResourcesFiltering - skip non existing resourceDirectory C:\Users\Izan Navarro\Desktop\PROYECTOS DE GITHUB\TFC\SpringbootPI\SpringBootPI\src\test\resources
2025-03-24 17:27:52,107 [Worker-23: Building] INFO  o.a.m.s.f.DefaultMavenResourcesFiltering - skip non existing resourceDirectory C:\Users\Izan Navarro\Desktop\PROYECTOS DE GITHUB\TFC\SpringbootPI\SpringBootPI\src\main\resources
2025-03-24 17:27:52,107 [Worker-23: Building] INFO  o.a.m.s.f.DefaultMavenResourcesFiltering - skip non existing resourceDirectory C:\Users\Izan Navarro\Desktop\PROYECTOS DE GITHUB\TFC\SpringbootPI\SpringBootPI\src\main\resources
2025-03-24 17:27:52,109 [Worker-23: Building] INFO  o.a.m.s.f.DefaultMavenResourcesFiltering - skip non existing resourceDirectory C:\Users\Izan Navarro\Desktop\PROYECTOS DE GITHUB\TFC\SpringbootPI\SpringBootPI\src\test\resources
2025-03-24 17:28:03,014 [Worker-35: Building] INFO  o.a.m.s.f.DefaultMavenResourcesFiltering - skip non existing resourceDirectory C:\Users\Izan Navarro\Desktop\PROYECTOS DE GITHUB\TFC\SpringbootPI\SpringBootPI\src\main\resources
2025-03-24 17:28:03,014 [Worker-35: Building] INFO  o.a.m.s.f.DefaultMavenResourcesFiltering - skip non existing resourceDirectory C:\Users\Izan Navarro\Desktop\PROYECTOS DE GITHUB\TFC\SpringbootPI\SpringBootPI\src\main\resources
2025-03-24 17:28:03,016 [Worker-35: Building] INFO  o.a.m.s.f.DefaultMavenResourcesFiltering - skip non existing resourceDirectory C:\Users\Izan Navarro\Desktop\PROYECTOS DE GITHUB\TFC\SpringbootPI\SpringBootPI\src\test\resources
2025-03-24 17:29:44,724 [Worker-23: Building] INFO  o.a.m.s.f.DefaultMavenResourcesFiltering - skip non existing resourceDirectory C:\Users\Izan Navarro\Desktop\PROYECTOS DE GITHUB\TFC\SpringbootPI\SpringBootPI\src\main\resources
2025-03-24 17:29:44,724 [Worker-23: Building] INFO  o.a.m.s.f.DefaultMavenResourcesFiltering - skip non existing resourceDirectory C:\Users\Izan Navarro\Desktop\PROYECTOS DE GITHUB\TFC\SpringbootPI\SpringBootPI\src\main\resources
2025-03-24 17:29:44,727 [Worker-23: Building] INFO  o.a.m.s.f.DefaultMavenResourcesFiltering - skip non existing resourceDirectory C:\Users\Izan Navarro\Desktop\PROYECTOS DE GITHUB\TFC\SpringbootPI\SpringBootPI\src\test\resources
2025-03-24 17:29:49,091 [Worker-23: Building] INFO  o.a.m.s.f.DefaultMavenResourcesFiltering - skip non existing resourceDirectory C:\Users\Izan Navarro\Desktop\PROYECTOS DE GITHUB\TFC\SpringbootPI\SpringBootPI\src\main\resources
2025-03-24 17:29:49,091 [Worker-23: Building] INFO  o.a.m.s.f.DefaultMavenResourcesFiltering - skip non existing resourceDirectory C:\Users\Izan Navarro\Desktop\PROYECTOS DE GITHUB\TFC\SpringbootPI\SpringBootPI\src\main\resources
2025-03-24 17:29:49,093 [Worker-23: Building] INFO  o.a.m.s.f.DefaultMavenResourcesFiltering - skip non existing resourceDirectory C:\Users\Izan Navarro\Desktop\PROYECTOS DE GITHUB\TFC\SpringbootPI\SpringBootPI\src\test\resources
2025-03-24 17:30:59,449 [Worker-13: Building] INFO  o.a.m.s.f.DefaultMavenResourcesFiltering - skip non existing resourceDirectory C:\Users\Izan Navarro\Desktop\PROYECTOS DE GITHUB\TFC\SpringbootPI\SpringBootPI\src\main\resources
2025-03-24 17:30:59,450 [Worker-13: Building] INFO  o.a.m.s.f.DefaultMavenResourcesFiltering - skip non existing resourceDirectory C:\Users\Izan Navarro\Desktop\PROYECTOS DE GITHUB\TFC\SpringbootPI\SpringBootPI\src\main\resources
2025-03-24 17:30:59,452 [Worker-13: Building] INFO  o.a.m.s.f.DefaultMavenResourcesFiltering - skip non existing resourceDirectory C:\Users\Izan Navarro\Desktop\PROYECTOS DE GITHUB\TFC\SpringbootPI\SpringBootPI\src\test\resources
2025-03-24 17:31:14,600 [Worker-33: Building] INFO  o.a.m.s.f.DefaultMavenResourcesFiltering - skip non existing resourceDirectory C:\Users\Izan Navarro\Desktop\PROYECTOS DE GITHUB\TFC\SpringbootPI\SpringBootPI\src\main\resources
2025-03-24 17:31:14,600 [Worker-33: Building] INFO  o.a.m.s.f.DefaultMavenResourcesFiltering - skip non existing resourceDirectory C:\Users\Izan Navarro\Desktop\PROYECTOS DE GITHUB\TFC\SpringbootPI\SpringBootPI\src\main\resources
2025-03-24 17:31:14,603 [Worker-33: Building] INFO  o.a.m.s.f.DefaultMavenResourcesFiltering - skip non existing resourceDirectory C:\Users\Izan Navarro\Desktop\PROYECTOS DE GITHUB\TFC\SpringbootPI\SpringBootPI\src\test\resources
2025-03-24 17:32:09,349 [Worker-35: Building] INFO  o.a.m.s.f.DefaultMavenResourcesFiltering - skip non existing resourceDirectory C:\Users\Izan Navarro\Desktop\PROYECTOS DE GITHUB\TFC\SpringbootPI\SpringBootPI\src\main\resources
2025-03-24 17:32:09,350 [Worker-35: Building] INFO  o.a.m.s.f.DefaultMavenResourcesFiltering - skip non existing resourceDirectory C:\Users\Izan Navarro\Desktop\PROYECTOS DE GITHUB\TFC\SpringbootPI\SpringBootPI\src\main\resources
2025-03-24 17:32:09,352 [Worker-35: Building] INFO  o.a.m.s.f.DefaultMavenResourcesFiltering - skip non existing resourceDirectory C:\Users\Izan Navarro\Desktop\PROYECTOS DE GITHUB\TFC\SpringbootPI\SpringBootPI\src\test\resources
2025-03-24 17:32:23,748 [Worker-23: Building] INFO  o.a.m.s.f.DefaultMavenResourcesFiltering - skip non existing resourceDirectory C:\Users\Izan Navarro\Desktop\PROYECTOS DE GITHUB\TFC\SpringbootPI\SpringBootPI\src\main\resources
2025-03-24 17:32:23,748 [Worker-23: Building] INFO  o.a.m.s.f.DefaultMavenResourcesFiltering - skip non existing resourceDirectory C:\Users\Izan Navarro\Desktop\PROYECTOS DE GITHUB\TFC\SpringbootPI\SpringBootPI\src\main\resources
2025-03-24 17:32:23,750 [Worker-23: Building] INFO  o.a.m.s.f.DefaultMavenResourcesFiltering - skip non existing resourceDirectory C:\Users\Izan Navarro\Desktop\PROYECTOS DE GITHUB\TFC\SpringbootPI\SpringBootPI\src\test\resources
2025-03-24 17:32:35,953 [Worker-13: Building] INFO  o.a.m.s.f.DefaultMavenResourcesFiltering - skip non existing resourceDirectory C:\Users\Izan Navarro\Desktop\PROYECTOS DE GITHUB\TFC\SpringbootPI\SpringBootPI\src\main\resources
2025-03-24 17:32:35,954 [Worker-13: Building] INFO  o.a.m.s.f.DefaultMavenResourcesFiltering - skip non existing resourceDirectory C:\Users\Izan Navarro\Desktop\PROYECTOS DE GITHUB\TFC\SpringbootPI\SpringBootPI\src\main\resources
2025-03-24 17:32:35,956 [Worker-13: Building] INFO  o.a.m.s.f.DefaultMavenResourcesFiltering - skip non existing resourceDirectory C:\Users\Izan Navarro\Desktop\PROYECTOS DE GITHUB\TFC\SpringbootPI\SpringBootPI\src\test\resources
2025-03-24 17:33:38,115 [Worker-38: Building] INFO  o.a.m.s.f.DefaultMavenResourcesFiltering - skip non existing resourceDirectory C:\Users\Izan Navarro\Desktop\PROYECTOS DE GITHUB\TFC\SpringbootPI\SpringBootPI\src\main\resources
2025-03-24 17:33:38,116 [Worker-38: Building] INFO  o.a.m.s.f.DefaultMavenResourcesFiltering - skip non existing resourceDirectory C:\Users\Izan Navarro\Desktop\PROYECTOS DE GITHUB\TFC\SpringbootPI\SpringBootPI\src\main\resources
2025-03-24 17:33:38,118 [Worker-38: Building] INFO  o.a.m.s.f.DefaultMavenResourcesFiltering - skip non existing resourceDirectory C:\Users\Izan Navarro\Desktop\PROYECTOS DE GITHUB\TFC\SpringbootPI\SpringBootPI\src\test\resources
2025-03-24 17:33:40,488 [Worker-13: Building] INFO  o.a.m.s.f.DefaultMavenResourcesFiltering - skip non existing resourceDirectory C:\Users\Izan Navarro\Desktop\PROYECTOS DE GITHUB\TFC\SpringbootPI\SpringBootPI\src\main\resources
2025-03-24 17:33:40,488 [Worker-13: Building] INFO  o.a.m.s.f.DefaultMavenResourcesFiltering - skip non existing resourceDirectory C:\Users\Izan Navarro\Desktop\PROYECTOS DE GITHUB\TFC\SpringbootPI\SpringBootPI\src\main\resources
2025-03-24 17:33:40,491 [Worker-13: Building] INFO  o.a.m.s.f.DefaultMavenResourcesFiltering - skip non existing resourceDirectory C:\Users\Izan Navarro\Desktop\PROYECTOS DE GITHUB\TFC\SpringbootPI\SpringBootPI\src\test\resources
2025-03-24 18:27:29,477 [Worker-35: Building] INFO  o.a.m.s.f.DefaultMavenResourcesFiltering - Copying 0 resource from src\main\resources to target\classes
2025-03-24 18:27:29,478 [Worker-35: Building] INFO  o.a.m.s.f.DefaultMavenResourcesFiltering - Copying 0 resource from src\main\resources to target\classes
2025-03-24 18:27:29,481 [Worker-35: Building] INFO  o.a.m.s.f.DefaultMavenResourcesFiltering - skip non existing resourceDirectory C:\Users\Izan Navarro\Desktop\PROYECTOS DE GITHUB\TFC\SpringbootPI\SpringBootPI\src\test\resources
2025-03-24 18:28:00,807 [Worker-39: Building] INFO  o.a.m.s.f.DefaultMavenResourcesFiltering - Copying 0 resource from src\main\resources to target\classes
2025-03-24 18:28:00,808 [Worker-39: Building] INFO  o.a.m.s.f.DefaultMavenResourcesFiltering - Copying 0 resource from src\main\resources to target\classes
2025-03-24 18:28:00,810 [Worker-39: Building] INFO  o.a.m.s.f.DefaultMavenResourcesFiltering - skip non existing resourceDirectory C:\Users\Izan Navarro\Desktop\PROYECTOS DE GITHUB\TFC\SpringbootPI\SpringBootPI\src\test\resources
2025-03-24 18:28:26,703 [Worker-39: Building] INFO  o.a.m.s.f.DefaultMavenResourcesFiltering - Copying 1 resource from src\main\resources to target\classes
2025-03-24 18:28:26,732 [Worker-39: Building] INFO  o.a.m.s.f.DefaultMavenResourcesFiltering - Copying 0 resource from src\main\resources to target\classes
2025-03-24 18:28:26,735 [Worker-39: Building] INFO  o.a.m.s.f.DefaultMavenResourcesFiltering - skip non existing resourceDirectory C:\Users\Izan Navarro\Desktop\PROYECTOS DE GITHUB\TFC\SpringbootPI\SpringBootPI\src\test\resources
2025-03-24 18:28:49,491 [Worker-39: Building] INFO  o.a.m.s.f.DefaultMavenResourcesFiltering - Copying 1 resource from src\main\resources to target\classes
2025-03-24 18:28:49,515 [Worker-39: Building] INFO  o.a.m.s.f.DefaultMavenResourcesFiltering - Copying 0 resource from src\main\resources to target\classes
2025-03-24 18:28:49,518 [Worker-39: Building] INFO  o.a.m.s.f.DefaultMavenResourcesFiltering - skip non existing resourceDirectory C:\Users\Izan Navarro\Desktop\PROYECTOS DE GITHUB\TFC\SpringbootPI\SpringBootPI\src\test\resources
2025-03-24 18:29:01,341 [Worker-35: Building] INFO  o.a.m.s.f.DefaultMavenResourcesFiltering - Copying 1 resource from src\main\resources to target\classes
2025-03-24 18:29:01,360 [Worker-35: Building] INFO  o.a.m.s.f.DefaultMavenResourcesFiltering - Copying 0 resource from src\main\resources to target\classes
2025-03-24 18:29:01,362 [Worker-35: Building] INFO  o.a.m.s.f.DefaultMavenResourcesFiltering - skip non existing resourceDirectory C:\Users\Izan Navarro\Desktop\PROYECTOS DE GITHUB\TFC\SpringbootPI\SpringBootPI\src\test\resources
2025-03-24 18:37:00,071 [Burningwave - Resource releaser] INFO  o.b.c.a.StaticComponentContainer - (StaticComponentContainer.java:391) - ... Waiting for all tasks ending
2025-03-24 18:37:00,074 [Burningwave - Resource releaser] INFO  o.b.c.a.StaticComponentContainer - (StaticComponentContainer.java:397) - Closing all component containers
2025-03-24 18:37:00,076 [Burningwave - Resource releaser] INFO  o.b.c.a.StaticComponentContainer - (StaticComponentContainer.java:403) - Closing FileSystemHelper
2025-03-24 18:37:00,078 [Burningwave - Resource releaser] INFO  o.b.c.a.StaticComponentContainer - (StaticComponentContainer.java:409) - ... Waiting for all tasks ending before shutting down the BackgroundExecutor
2025-03-24 18:37:00,079 [Burningwave - Resource releaser] INFO  o.b.c.a.StaticComponentContainer - (StaticComponentContainer.java:414) - Shutting down BackgroundExecutor
2025-03-24 18:37:00,080 [Burningwave - Resource releaser] INFO  o.b.c.a.StaticComponentContainer - (StaticComponentContainer.java:420) - Stopping all threads monitoring thread
2025-03-24 18:37:00,082 [Burningwave - Resource releaser] INFO  o.b.c.a.StaticComponentContainer - (StaticComponentContainer.java:425) - Closing ThreadHolder
2025-03-24 18:37:00,084 [Burningwave - Resource releaser] INFO  o.b.c.a.StaticComponentContainer - (StaticComponentContainer.java:430) - Shutting down ThreadSupplier
2025-03-25 15:45:53,992 [main] INFO  o.b.c.a.StaticComponentContainer - (StaticComponentContainer.java:368) - Instantiated org.burningwave.core.SLF4JManagedLoggerRepository
2025-03-25 15:45:53,996 [main] INFO  o.b.c.a.StaticComponentContainer - (StaticComponentContainer.java:369) - 

	Configuration values for static components:

		background-executor.all-tasks-monitoring.enabled=\
			true
		background-executor.all-tasks-monitoring.interval=\
			30000
		background-executor.all-tasks-monitoring.logger.enabled=\
			false
		background-executor.all-tasks-monitoring.minimum-elapsed-time-to-consider-a-task-as-probable-dead-locked=\
			300000
		background-executor.all-tasks-monitoring.probable-dead-locked-tasks-handling.policy=\
			log only
		background-executor.queued-task-executor[0].name=\
			Low priority tasks
		background-executor.queued-task-executor[0].priority=\
			1
		background-executor.queued-task-executor[1].name=\
			Normal priority tasks
		background-executor.queued-task-executor[1].priority=\
			5
		background-executor.queued-task-executor[2].name=\
			High priority tasks
		background-executor.queued-task-executor[2].priority=\
			10
		background-executor.task-creation-tracking.enabled=\
			${background-executor.all-tasks-monitoring.enabled}
		banner.additonal-informations=\
			${Implementation-Title} ${Implementation-Version}
		banner.additonal-informations.retrieve-from-manifest-file-with-implementation-title=\
			Burningwave Core
		banner.file=\
			org/burningwave/banner.bwb
		banner.hide=\
			true
		buffer-handler.default-allocation-mode=\
			ByteBuffer::allocateDirect
		buffer-handler.default-buffer-size=\
			1024
		group-name-for-named-elements=\
			Burningwave
		iterable-object-helper.default-values-separator=\
			;
		iterable-object-helper.parallel-iteration.applicability.default-minimum-collection-size=\
			2
		iterable-object-helper.parallel-iteration.applicability.max-runtime-thread-count-threshold=\
			autodetect
		iterable-object-helper.parallel-iteration.applicability.output-collection-enabled-types=\
			java.util.concurrent.ConcurrentHashMap$CollectionView;\
			java.util.Collections$SynchronizedCollection;\
			java.util.concurrent.CopyOnWriteArrayList;\
			java.util.concurrent.CopyOnWriteArraySet;\
			java.util.concurrent.BlockingQueue;\
			java.util.concurrent.ConcurrentSkipListSet;\
			java.util.concurrent.ConcurrentSkipListMap$EntrySet;\
			java.util.concurrent.ConcurrentSkipListMap$KeySet;\
			java.util.concurrent.ConcurrentSkipListMap$Values;
		jvm.driver.init=\
			false
		managed-logger.repository=\
			autodetect
		managed-logger.repository.enabled=\
			true
		managed-logger.repository.logging.warn.disabled-for=\
			org.burningwave.core.assembler.ComponentContainer$ClassLoader;\
			org.burningwave.core.classes.MemoryClassLoader;\
			org.burningwave.core.classes.PathScannerClassLoader;
		modules.export-all-to-all=\
			true
		resource-releaser.enabled=\
			true
		synchronizer.all-threads-monitoring.enabled=\
			false
		synchronizer.all-threads-monitoring.interval=\
			90000
		thread-supplier.default-daemon-flag-value=\
			true
		thread-supplier.default-thread-priority=\
			5
		thread-supplier.max-detached-thread-count=\
			${thread-supplier.max-poolable-thread-count}
		thread-supplier.max-detached-thread-count.elapsed-time-threshold-from-last-increase-for-gradual-decreasing-to-initial-value=\
			30000
		thread-supplier.max-detached-thread-count.increasing-step=\
			autodetect
		thread-supplier.max-poolable-thread-count=\
			autodetect
		thread-supplier.poolable-thread-request-timeout=\
			6000


2025-03-25 15:45:53,999 [main] INFO  o.b.core.jvm.BufferHandler - (BufferHandler.java:127) - default buffer size: 1024 bytes
2025-03-25 15:45:54,000 [main] INFO  o.b.core.jvm.BufferHandler - (BufferHandler.java:141) - default allocation mode: ByteBuffer::allocateDirect
2025-03-25 15:45:54,006 [main] INFO  org.burningwave.core.Cache - (Cache.java:76) - Building cache
2025-03-25 15:45:54,024 [main] INFO  o.b.c.a.StaticComponentContainer - (StaticComponentContainer.java:443) - org.burningwave.core.assembler.StaticComponentContainer initialized in 0.1208983 seconds
2025-03-25 15:45:55,685 [Worker-1: Loading available Gradle versions] INFO  o.e.b.c.i.u.g.PublishedGradleVersions - Gradle version information cache is up-to-date. Trying to read.
2025-03-25 15:51:23,357 [Worker-17: Building] INFO  o.a.m.s.f.DefaultMavenResourcesFiltering - Copying 1 resource from src\main\resources to target\classes
2025-03-25 15:51:23,373 [Worker-17: Building] INFO  o.a.m.s.f.DefaultMavenResourcesFiltering - Copying 0 resource from src\main\resources to target\classes
2025-03-25 15:51:23,378 [Worker-17: Building] INFO  o.a.m.s.f.DefaultMavenResourcesFiltering - skip non existing resourceDirectory C:\Users\Izan Navarro\Desktop\PROYECTOS DE GITHUB\TFC\SpringbootPI\SpringBootPI\src\test\resources
2025-03-25 16:18:45,247 [Worker-17: Building] INFO  o.a.m.s.f.DefaultMavenResourcesFiltering - Copying 0 resource from src\main\resources to target\classes
2025-03-25 16:18:45,247 [Worker-17: Building] INFO  o.a.m.s.f.DefaultMavenResourcesFiltering - Copying 0 resource from src\main\resources to target\classes
2025-03-25 16:18:45,250 [Worker-17: Building] INFO  o.a.m.s.f.DefaultMavenResourcesFiltering - skip non existing resourceDirectory C:\Users\Izan Navarro\Desktop\PROYECTOS DE GITHUB\TFC\SpringbootPI\SpringBootPI\src\test\resources
2025-03-25 16:18:48,810 [Worker-30: Building] INFO  o.a.m.s.f.DefaultMavenResourcesFiltering - Copying 0 resource from src\main\resources to target\classes
2025-03-25 16:18:48,811 [Worker-30: Building] INFO  o.a.m.s.f.DefaultMavenResourcesFiltering - Copying 0 resource from src\main\resources to target\classes
2025-03-25 16:18:48,814 [Worker-30: Building] INFO  o.a.m.s.f.DefaultMavenResourcesFiltering - skip non existing resourceDirectory C:\Users\Izan Navarro\Desktop\PROYECTOS DE GITHUB\TFC\SpringbootPI\SpringBootPI\src\test\resources
2025-03-25 16:19:45,906 [Worker-31: Building] INFO  o.a.m.s.f.DefaultMavenResourcesFiltering - Copying 0 resource from src\main\resources to target\classes
2025-03-25 16:19:45,907 [Worker-31: Building] INFO  o.a.m.s.f.DefaultMavenResourcesFiltering - Copying 0 resource from src\main\resources to target\classes
2025-03-25 16:19:45,910 [Worker-31: Building] INFO  o.a.m.s.f.DefaultMavenResourcesFiltering - skip non existing resourceDirectory C:\Users\Izan Navarro\Desktop\PROYECTOS DE GITHUB\TFC\SpringbootPI\SpringBootPI\src\test\resources
2025-03-25 16:20:59,970 [Worker-17: Building] INFO  o.a.m.s.f.DefaultMavenResourcesFiltering - Copying 0 resource from src\main\resources to target\classes
2025-03-25 16:20:59,971 [Worker-17: Building] INFO  o.a.m.s.f.DefaultMavenResourcesFiltering - Copying 0 resource from src\main\resources to target\classes
2025-03-25 16:20:59,974 [Worker-17: Building] INFO  o.a.m.s.f.DefaultMavenResourcesFiltering - skip non existing resourceDirectory C:\Users\Izan Navarro\Desktop\PROYECTOS DE GITHUB\TFC\SpringbootPI\SpringBootPI\src\test\resources
2025-03-25 16:38:59,894 [Worker-34: Building] INFO  o.a.m.s.f.DefaultMavenResourcesFiltering - Copying 0 resource from src\main\resources to target\classes
2025-03-25 16:38:59,895 [Worker-34: Building] INFO  o.a.m.s.f.DefaultMavenResourcesFiltering - Copying 0 resource from src\main\resources to target\classes
2025-03-25 16:38:59,899 [Worker-34: Building] INFO  o.a.m.s.f.DefaultMavenResourcesFiltering - skip non existing resourceDirectory C:\Users\Izan Navarro\Desktop\PROYECTOS DE GITHUB\TFC\SpringbootPI\SpringBootPI\src\test\resources
2025-03-25 16:39:24,335 [Worker-17: Building] INFO  o.a.m.s.f.DefaultMavenResourcesFiltering - Copying 0 resource from src\main\resources to target\classes
2025-03-25 16:39:24,336 [Worker-17: Building] INFO  o.a.m.s.f.DefaultMavenResourcesFiltering - Copying 0 resource from src\main\resources to target\classes
2025-03-25 16:39:24,341 [Worker-17: Building] INFO  o.a.m.s.f.DefaultMavenResourcesFiltering - skip non existing resourceDirectory C:\Users\Izan Navarro\Desktop\PROYECTOS DE GITHUB\TFC\SpringbootPI\SpringBootPI\src\test\resources
2025-03-25 16:41:32,244 [Worker-17: Building] INFO  o.a.m.s.f.DefaultMavenResourcesFiltering - Copying 0 resource from src\main\resources to target\classes
2025-03-25 16:41:32,250 [Worker-17: Building] INFO  o.a.m.s.f.DefaultMavenResourcesFiltering - Copying 1 resource from src\main\resources to target\classes
2025-03-25 16:41:32,261 [Worker-17: Building] INFO  o.a.m.s.f.DefaultMavenResourcesFiltering - skip non existing resourceDirectory C:\Users\Izan Navarro\Desktop\PROYECTOS DE GITHUB\TFC\SpringbootPI\SpringBootPI\src\test\resources
2025-03-25 16:43:38,170 [Worker-35: Building] INFO  o.a.m.s.f.DefaultMavenResourcesFiltering - Copying 0 resource from src\main\resources to target\classes
2025-03-25 16:43:38,172 [Worker-35: Building] INFO  o.a.m.s.f.DefaultMavenResourcesFiltering - Copying 0 resource from src\main\resources to target\classes
2025-03-25 16:43:38,176 [Worker-35: Building] INFO  o.a.m.s.f.DefaultMavenResourcesFiltering - skip non existing resourceDirectory C:\Users\Izan Navarro\Desktop\PROYECTOS DE GITHUB\TFC\SpringbootPI\SpringBootPI\src\test\resources
2025-03-25 17:24:04,980 [Worker-35: Building] INFO  o.a.m.s.f.DefaultMavenResourcesFiltering - Copying 0 resource from src\main\resources to target\classes
2025-03-25 17:24:04,982 [Worker-35: Building] INFO  o.a.m.s.f.DefaultMavenResourcesFiltering - Copying 1 resource from src\main\resources to target\classes
2025-03-25 17:24:04,992 [Worker-35: Building] INFO  o.a.m.s.f.DefaultMavenResourcesFiltering - skip non existing resourceDirectory C:\Users\Izan Navarro\Desktop\PROYECTOS DE GITHUB\TFC\SpringbootPI\SpringBootPI\src\test\resources
2025-03-25 17:24:27,102 [Worker-34: Building] INFO  o.a.m.s.f.DefaultMavenResourcesFiltering - Copying 0 resource from src\main\resources to target\classes
2025-03-25 17:24:27,103 [Worker-34: Building] INFO  o.a.m.s.f.DefaultMavenResourcesFiltering - Copying 1 resource from src\main\resources to target\classes
2025-03-25 17:24:27,111 [Worker-34: Building] INFO  o.a.m.s.f.DefaultMavenResourcesFiltering - skip non existing resourceDirectory C:\Users\Izan Navarro\Desktop\PROYECTOS DE GITHUB\TFC\SpringbootPI\SpringBootPI\src\test\resources
2025-03-25 17:25:50,538 [Worker-30: Building] INFO  o.a.m.s.f.DefaultMavenResourcesFiltering - Copying 0 resource from src\main\resources to target\classes
2025-03-25 17:25:50,540 [Worker-30: Building] INFO  o.a.m.s.f.DefaultMavenResourcesFiltering - Copying 1 resource from src\main\resources to target\classes
2025-03-25 17:25:50,546 [Worker-30: Building] INFO  o.a.m.s.f.DefaultMavenResourcesFiltering - skip non existing resourceDirectory C:\Users\Izan Navarro\Desktop\PROYECTOS DE GITHUB\TFC\SpringbootPI\SpringBootPI\src\test\resources
2025-03-25 17:53:12,167 [Worker-35: Building] INFO  o.a.m.s.f.DefaultMavenResourcesFiltering - Copying 0 resource from src\main\resources to target\classes
2025-03-25 17:53:12,169 [Worker-35: Building] INFO  o.a.m.s.f.DefaultMavenResourcesFiltering - Copying 0 resource from src\main\resources to target\classes
2025-03-25 17:53:12,177 [Worker-35: Building] INFO  o.a.m.s.f.DefaultMavenResourcesFiltering - skip non existing resourceDirectory C:\Users\Izan Navarro\Desktop\PROYECTOS DE GITHUB\TFC\SpringbootPI\SpringBootPI\src\test\resources
2025-03-25 17:53:22,371 [Worker-35: Building] INFO  o.a.m.s.f.DefaultMavenResourcesFiltering - Copying 0 resource from src\main\resources to target\classes
2025-03-25 17:53:22,372 [Worker-35: Building] INFO  o.a.m.s.f.DefaultMavenResourcesFiltering - Copying 1 resource from src\main\resources to target\classes
2025-03-25 17:53:22,381 [Worker-35: Building] INFO  o.a.m.s.f.DefaultMavenResourcesFiltering - skip non existing resourceDirectory C:\Users\Izan Navarro\Desktop\PROYECTOS DE GITHUB\TFC\SpringbootPI\SpringBootPI\src\test\resources
2025-03-25 17:53:40,477 [Worker-37: Building] INFO  o.a.m.s.f.DefaultMavenResourcesFiltering - Copying 0 resource from src\main\resources to target\classes
2025-03-25 17:53:40,478 [Worker-37: Building] INFO  o.a.m.s.f.DefaultMavenResourcesFiltering - Copying 1 resource from src\main\resources to target\classes
2025-03-25 17:53:40,484 [Worker-37: Building] INFO  o.a.m.s.f.DefaultMavenResourcesFiltering - skip non existing resourceDirectory C:\Users\Izan Navarro\Desktop\PROYECTOS DE GITHUB\TFC\SpringbootPI\SpringBootPI\src\test\resources
2025-03-25 18:01:53,797 [Worker-37: Building] INFO  o.a.m.s.f.DefaultMavenResourcesFiltering - Copying 0 resource from src\main\resources to target\classes
2025-03-25 18:01:53,799 [Worker-37: Building] INFO  o.a.m.s.f.DefaultMavenResourcesFiltering - Copying 1 resource from src\main\resources to target\classes
2025-03-25 18:01:53,806 [Worker-37: Building] INFO  o.a.m.s.f.DefaultMavenResourcesFiltering - skip non existing resourceDirectory C:\Users\Izan Navarro\Desktop\PROYECTOS DE GITHUB\TFC\SpringbootPI\SpringBootPI\src\test\resources
2025-03-25 18:02:06,311 [Worker-38: Building] INFO  o.a.m.s.f.DefaultMavenResourcesFiltering - Copying 0 resource from src\main\resources to target\classes
2025-03-25 18:02:06,312 [Worker-38: Building] INFO  o.a.m.s.f.DefaultMavenResourcesFiltering - Copying 0 resource from src\main\resources to target\classes
2025-03-25 18:02:06,318 [Worker-38: Building] INFO  o.a.m.s.f.DefaultMavenResourcesFiltering - skip non existing resourceDirectory C:\Users\Izan Navarro\Desktop\PROYECTOS DE GITHUB\TFC\SpringbootPI\SpringBootPI\src\test\resources
2025-03-25 18:02:36,161 [Worker-37: Building] INFO  o.a.m.s.f.DefaultMavenResourcesFiltering - skip non existing resourceDirectory C:\Users\Izan Navarro\Desktop\PROYECTOS DE GITHUB\TFC\SpringbootPI\SpringBootPI\src\main\resources
2025-03-25 18:02:36,162 [Worker-37: Building] INFO  o.a.m.s.f.DefaultMavenResourcesFiltering - skip non existing resourceDirectory C:\Users\Izan Navarro\Desktop\PROYECTOS DE GITHUB\TFC\SpringbootPI\SpringBootPI\src\main\resources
2025-03-25 18:02:36,167 [Worker-37: Building] INFO  o.a.m.s.f.DefaultMavenResourcesFiltering - skip non existing resourceDirectory C:\Users\Izan Navarro\Desktop\PROYECTOS DE GITHUB\TFC\SpringbootPI\SpringBootPI\src\test\resources
2025-03-25 18:03:28,228 [Worker-36: Building] INFO  o.a.m.s.f.DefaultMavenResourcesFiltering - Copying 0 resource from src\main\resources to target\classes
2025-03-25 18:03:28,229 [Worker-36: Building] INFO  o.a.m.s.f.DefaultMavenResourcesFiltering - Copying 0 resource from src\main\resources to target\classes
2025-03-25 18:03:28,235 [Worker-36: Building] INFO  o.a.m.s.f.DefaultMavenResourcesFiltering - skip non existing resourceDirectory C:\Users\Izan Navarro\Desktop\PROYECTOS DE GITHUB\TFC\SpringbootPI\SpringBootPI\src\test\resources
2025-03-25 18:03:39,092 [Worker-37: Building] INFO  o.a.m.s.f.DefaultMavenResourcesFiltering - skip non existing resourceDirectory C:\Users\Izan Navarro\Desktop\PROYECTOS DE GITHUB\TFC\SpringbootPI\SpringBootPI\src\main\resources
2025-03-25 18:03:39,093 [Worker-37: Building] INFO  o.a.m.s.f.DefaultMavenResourcesFiltering - skip non existing resourceDirectory C:\Users\Izan Navarro\Desktop\PROYECTOS DE GITHUB\TFC\SpringbootPI\SpringBootPI\src\main\resources
2025-03-25 18:03:39,097 [Worker-37: Building] INFO  o.a.m.s.f.DefaultMavenResourcesFiltering - skip non existing resourceDirectory C:\Users\Izan Navarro\Desktop\PROYECTOS DE GITHUB\TFC\SpringbootPI\SpringBootPI\src\test\resources
2025-03-25 18:04:05,374 [Worker-38: Building] INFO  o.a.m.s.f.DefaultMavenResourcesFiltering - Copying 1 resource from src\main\resources to target\classes
2025-03-25 18:04:05,392 [Worker-38: Building] INFO  o.a.m.s.f.DefaultMavenResourcesFiltering - Copying 0 resource from src\main\resources to target\classes
2025-03-25 18:04:05,398 [Worker-38: Building] INFO  o.a.m.s.f.DefaultMavenResourcesFiltering - skip non existing resourceDirectory C:\Users\Izan Navarro\Desktop\PROYECTOS DE GITHUB\TFC\SpringbootPI\SpringBootPI\src\test\resources
2025-03-25 18:05:04,873 [Worker-38: Building] INFO  o.a.m.s.f.DefaultMavenResourcesFiltering - Copying 1 resource from src\main\resources to target\classes
2025-03-25 18:05:04,922 [Worker-38: Building] INFO  o.a.m.s.f.DefaultMavenResourcesFiltering - Copying 0 resource from src\main\resources to target\classes
2025-03-25 18:05:04,934 [Worker-38: Building] INFO  o.a.m.s.f.DefaultMavenResourcesFiltering - skip non existing resourceDirectory C:\Users\Izan Navarro\Desktop\PROYECTOS DE GITHUB\TFC\SpringbootPI\SpringBootPI\src\test\resources
2025-03-25 18:09:47,395 [Worker-34: Building] INFO  o.a.m.s.f.DefaultMavenResourcesFiltering - Copying 0 resource from src\main\resources to target\classes
2025-03-25 18:09:47,396 [Worker-34: Building] INFO  o.a.m.s.f.DefaultMavenResourcesFiltering - Copying 0 resource from src\main\resources to target\classes
2025-03-25 18:09:47,400 [Worker-34: Building] INFO  o.a.m.s.f.DefaultMavenResourcesFiltering - skip non existing resourceDirectory C:\Users\Izan Navarro\Desktop\PROYECTOS DE GITHUB\TFC\SpringbootPI\SpringBootPI\src\test\resources
2025-03-25 18:10:01,363 [Worker-37: Building] INFO  o.a.m.s.f.DefaultMavenResourcesFiltering - Copying 0 resource from src\main\resources to target\classes
2025-03-25 18:10:01,364 [Worker-37: Building] INFO  o.a.m.s.f.DefaultMavenResourcesFiltering - Copying 0 resource from src\main\resources to target\classes
2025-03-25 18:10:01,369 [Worker-37: Building] INFO  o.a.m.s.f.DefaultMavenResourcesFiltering - skip non existing resourceDirectory C:\Users\Izan Navarro\Desktop\PROYECTOS DE GITHUB\TFC\SpringbootPI\SpringBootPI\src\test\resources
2025-03-25 18:25:01,742 [Worker-41: Building] INFO  o.a.m.s.f.DefaultMavenResourcesFiltering - Copying 0 resource from src\main\resources to target\classes
2025-03-25 18:25:01,743 [Worker-41: Building] INFO  o.a.m.s.f.DefaultMavenResourcesFiltering - Copying 0 resource from src\main\resources to target\classes
2025-03-25 18:25:01,748 [Worker-41: Building] INFO  o.a.m.s.f.DefaultMavenResourcesFiltering - skip non existing resourceDirectory C:\Users\Izan Navarro\Desktop\PROYECTOS DE GITHUB\TFC\SpringbootPI\SpringBootPI\src\test\resources
2025-03-25 18:25:47,045 [Worker-41: Building] INFO  o.a.m.s.f.DefaultMavenResourcesFiltering - Copying 0 resource from src\main\resources to target\classes
2025-03-25 18:25:47,046 [Worker-41: Building] INFO  o.a.m.s.f.DefaultMavenResourcesFiltering - Copying 0 resource from src\main\resources to target\classes
2025-03-25 18:25:47,051 [Worker-41: Building] INFO  o.a.m.s.f.DefaultMavenResourcesFiltering - skip non existing resourceDirectory C:\Users\Izan Navarro\Desktop\PROYECTOS DE GITHUB\TFC\SpringbootPI\SpringBootPI\src\test\resources
2025-03-25 18:25:57,395 [Worker-41: Building] INFO  o.a.m.s.f.DefaultMavenResourcesFiltering - Copying 0 resource from src\main\resources to target\classes
2025-03-25 18:25:57,396 [Worker-41: Building] INFO  o.a.m.s.f.DefaultMavenResourcesFiltering - Copying 0 resource from src\main\resources to target\classes
2025-03-25 18:25:57,400 [Worker-41: Building] INFO  o.a.m.s.f.DefaultMavenResourcesFiltering - skip non existing resourceDirectory C:\Users\Izan Navarro\Desktop\PROYECTOS DE GITHUB\TFC\SpringbootPI\SpringBootPI\src\test\resources
2025-03-25 18:30:15,190 [Worker-38: Building] INFO  o.a.m.s.f.DefaultMavenResourcesFiltering - Copying 0 resource from src\main\resources to target\classes
2025-03-25 18:30:15,191 [Worker-38: Building] INFO  o.a.m.s.f.DefaultMavenResourcesFiltering - Copying 0 resource from src\main\resources to target\classes
2025-03-25 18:30:15,197 [Worker-38: Building] INFO  o.a.m.s.f.DefaultMavenResourcesFiltering - skip non existing resourceDirectory C:\Users\Izan Navarro\Desktop\PROYECTOS DE GITHUB\TFC\SpringbootPI\SpringBootPI\src\test\resources
2025-03-25 18:30:21,847 [Worker-38: Building] INFO  o.a.m.s.f.DefaultMavenResourcesFiltering - Copying 0 resource from src\main\resources to target\classes
2025-03-25 18:30:21,848 [Worker-38: Building] INFO  o.a.m.s.f.DefaultMavenResourcesFiltering - Copying 0 resource from src\main\resources to target\classes
2025-03-25 18:30:21,855 [Worker-38: Building] INFO  o.a.m.s.f.DefaultMavenResourcesFiltering - skip non existing resourceDirectory C:\Users\Izan Navarro\Desktop\PROYECTOS DE GITHUB\TFC\SpringbootPI\SpringBootPI\src\test\resources
2025-03-25 18:30:24,312 [Worker-42: Building] INFO  o.a.m.s.f.DefaultMavenResourcesFiltering - Copying 0 resource from src\main\resources to target\classes
2025-03-25 18:30:24,313 [Worker-42: Building] INFO  o.a.m.s.f.DefaultMavenResourcesFiltering - Copying 0 resource from src\main\resources to target\classes
2025-03-25 18:30:24,318 [Worker-42: Building] INFO  o.a.m.s.f.DefaultMavenResourcesFiltering - skip non existing resourceDirectory C:\Users\Izan Navarro\Desktop\PROYECTOS DE GITHUB\TFC\SpringbootPI\SpringBootPI\src\test\resources
2025-03-25 18:30:33,238 [Worker-40: Building] INFO  o.a.m.s.f.DefaultMavenResourcesFiltering - Copying 0 resource from src\main\resources to target\classes
2025-03-25 18:30:33,240 [Worker-40: Building] INFO  o.a.m.s.f.DefaultMavenResourcesFiltering - Copying 0 resource from src\main\resources to target\classes
2025-03-25 18:30:33,245 [Worker-40: Building] INFO  o.a.m.s.f.DefaultMavenResourcesFiltering - skip non existing resourceDirectory C:\Users\Izan Navarro\Desktop\PROYECTOS DE GITHUB\TFC\SpringbootPI\SpringBootPI\src\test\resources
2025-03-25 19:10:00,591 [Worker-34: Building] INFO  o.a.m.s.f.DefaultMavenResourcesFiltering - Copying 0 resource from src\main\resources to target\classes
2025-03-25 19:10:00,593 [Worker-34: Building] INFO  o.a.m.s.f.DefaultMavenResourcesFiltering - Copying 0 resource from src\main\resources to target\classes
2025-03-25 19:10:00,599 [Worker-34: Building] INFO  o.a.m.s.f.DefaultMavenResourcesFiltering - skip non existing resourceDirectory C:\Users\Izan Navarro\Desktop\PROYECTOS DE GITHUB\TFC\SpringbootPI\SpringBootPI\src\test\resources
2025-03-25 19:10:04,613 [Worker-40: Building] INFO  o.a.m.s.f.DefaultMavenResourcesFiltering - Copying 0 resource from src\main\resources to target\classes
2025-03-25 19:10:04,614 [Worker-40: Building] INFO  o.a.m.s.f.DefaultMavenResourcesFiltering - Copying 0 resource from src\main\resources to target\classes
2025-03-25 19:10:04,619 [Worker-40: Building] INFO  o.a.m.s.f.DefaultMavenResourcesFiltering - skip non existing resourceDirectory C:\Users\Izan Navarro\Desktop\PROYECTOS DE GITHUB\TFC\SpringbootPI\SpringBootPI\src\test\resources
2025-03-25 19:10:18,759 [Worker-40: Building] INFO  o.a.m.s.f.DefaultMavenResourcesFiltering - Copying 0 resource from src\main\resources to target\classes
2025-03-25 19:10:18,760 [Worker-40: Building] INFO  o.a.m.s.f.DefaultMavenResourcesFiltering - Copying 0 resource from src\main\resources to target\classes
2025-03-25 19:10:18,767 [Worker-40: Building] INFO  o.a.m.s.f.DefaultMavenResourcesFiltering - skip non existing resourceDirectory C:\Users\Izan Navarro\Desktop\PROYECTOS DE GITHUB\TFC\SpringbootPI\SpringBootPI\src\test\resources
2025-03-25 19:10:21,231 [Worker-40: Building] INFO  o.a.m.s.f.DefaultMavenResourcesFiltering - Copying 0 resource from src\main\resources to target\classes
2025-03-25 19:10:21,232 [Worker-40: Building] INFO  o.a.m.s.f.DefaultMavenResourcesFiltering - Copying 0 resource from src\main\resources to target\classes
2025-03-25 19:10:21,236 [Worker-40: Building] INFO  o.a.m.s.f.DefaultMavenResourcesFiltering - skip non existing resourceDirectory C:\Users\Izan Navarro\Desktop\PROYECTOS DE GITHUB\TFC\SpringbootPI\SpringBootPI\src\test\resources
2025-03-25 19:10:46,870 [Worker-40: Building] INFO  o.a.m.s.f.DefaultMavenResourcesFiltering - Copying 0 resource from src\main\resources to target\classes
2025-03-25 19:10:46,870 [Worker-40: Building] INFO  o.a.m.s.f.DefaultMavenResourcesFiltering - Copying 0 resource from src\main\resources to target\classes
2025-03-25 19:10:46,877 [Worker-40: Building] INFO  o.a.m.s.f.DefaultMavenResourcesFiltering - skip non existing resourceDirectory C:\Users\Izan Navarro\Desktop\PROYECTOS DE GITHUB\TFC\SpringbootPI\SpringBootPI\src\test\resources
2025-03-25 19:10:53,784 [Worker-40: Building] INFO  o.a.m.s.f.DefaultMavenResourcesFiltering - Copying 0 resource from src\main\resources to target\classes
2025-03-25 19:10:53,785 [Worker-40: Building] INFO  o.a.m.s.f.DefaultMavenResourcesFiltering - Copying 0 resource from src\main\resources to target\classes
2025-03-25 19:10:53,790 [Worker-40: Building] INFO  o.a.m.s.f.DefaultMavenResourcesFiltering - skip non existing resourceDirectory C:\Users\Izan Navarro\Desktop\PROYECTOS DE GITHUB\TFC\SpringbootPI\SpringBootPI\src\test\resources
2025-03-25 19:11:14,713 [Worker-43: Building] INFO  o.a.m.s.f.DefaultMavenResourcesFiltering - Copying 0 resource from src\main\resources to target\classes
2025-03-25 19:11:14,714 [Worker-43: Building] INFO  o.a.m.s.f.DefaultMavenResourcesFiltering - Copying 0 resource from src\main\resources to target\classes
2025-03-25 19:11:14,719 [Worker-43: Building] INFO  o.a.m.s.f.DefaultMavenResourcesFiltering - skip non existing resourceDirectory C:\Users\Izan Navarro\Desktop\PROYECTOS DE GITHUB\TFC\SpringbootPI\SpringBootPI\src\test\resources
2025-03-25 19:11:17,413 [Worker-34: Building] INFO  o.a.m.s.f.DefaultMavenResourcesFiltering - Copying 0 resource from src\main\resources to target\classes
2025-03-25 19:11:17,414 [Worker-34: Building] INFO  o.a.m.s.f.DefaultMavenResourcesFiltering - Copying 0 resource from src\main\resources to target\classes
2025-03-25 19:11:17,419 [Worker-34: Building] INFO  o.a.m.s.f.DefaultMavenResourcesFiltering - skip non existing resourceDirectory C:\Users\Izan Navarro\Desktop\PROYECTOS DE GITHUB\TFC\SpringbootPI\SpringBootPI\src\test\resources
